---------------------------------------------------------------
[ 2018-11-28T10:45:46+08:00 ] ::1 GET localhost/auth/public/
[运行时间：0.067410s] [吞吐率：14.83req/s] [内存消耗：3,046.93kb] [文件加载：66]
[ info ] [ LANG ] D:\localhost\auth\thinkphp\lang\zh-cn.php
[ info ] [ ROUTE ] array (
  'rule' => '',
  'route' => 'Index/index',
  'option' => 
  array (
    'merge_rule_regex' => false,
    'complete_match' => true,
  ),
  'var' => 
  array (
  ),
)
[ info ] [ HEADER ] array (
  'host' => 'localhost',
  'connection' => 'keep-alive',
  'upgrade-insecure-requests' => '1',
  'user-agent' => 'Mozilla/5.0 (Windows NT 10.0; WOW64) AppleWebKit/537.36 (KHTML, like Gecko) Chrome/70.0.3538.102 Safari/537.36',
  'accept' => 'text/html,application/xhtml+xml,application/xml;q=0.9,image/webp,image/apng,*/*;q=0.8',
  'accept-encoding' => 'gzip, deflate, br',
  'accept-language' => 'zh-CN,zh;q=0.9',
  'cookie' => 'Hm_lvt_d214947968792b839fd669a4decaaffc=1541383285,1541550066,1541902679; pgv_pvi=3219878912',
)
[ info ] [ PARAM ] array (
)
[ info ] [ VIEW ] D:\localhost\auth\application\index\view\index\index.html [ array (
) ]
---------------------------------------------------------------
[ 2018-11-28T10:45:53+08:00 ] ::1 GET localhost/auth/public/admin/login/index
[运行时间：0.050637s] [吞吐率：19.75req/s] [内存消耗：3,111.79kb] [文件加载：68]
[ info ] [ LANG ] D:\localhost\auth\thinkphp\lang\zh-cn.php
[ info ] [ ROUTE ] array (
)
[ info ] [ HEADER ] array (
  'host' => 'localhost',
  'connection' => 'keep-alive',
  'upgrade-insecure-requests' => '1',
  'user-agent' => 'Mozilla/5.0 (Windows NT 10.0; WOW64) AppleWebKit/537.36 (KHTML, like Gecko) Chrome/70.0.3538.102 Safari/537.36',
  'accept' => 'text/html,application/xhtml+xml,application/xml;q=0.9,image/webp,image/apng,*/*;q=0.8',
  'accept-encoding' => 'gzip, deflate, br',
  'accept-language' => 'zh-CN,zh;q=0.9',
  'cookie' => 'Hm_lvt_d214947968792b839fd669a4decaaffc=1541383285,1541550066,1541902679; pgv_pvi=3219878912',
)
[ info ] [ PARAM ] array (
)
[ info ] [ VIEW ] D:\localhost\auth\application\admin\view\login\index.html [ array (
) ]
---------------------------------------------------------------
[ 2018-11-28T10:45:57+08:00 ] ::1 GET localhost/auth/public/admin/login/index
[运行时间：0.044210s] [吞吐率：22.62req/s] [内存消耗：3,111.98kb] [文件加载：68]
[ info ] [ LANG ] D:\localhost\auth\thinkphp\lang\zh-cn.php
[ info ] [ ROUTE ] array (
)
[ info ] [ HEADER ] array (
  'host' => 'localhost',
  'connection' => 'keep-alive',
  'cache-control' => 'max-age=0',
  'upgrade-insecure-requests' => '1',
  'user-agent' => 'Mozilla/5.0 (Windows NT 10.0; WOW64) AppleWebKit/537.36 (KHTML, like Gecko) Chrome/70.0.3538.102 Safari/537.36',
  'accept' => 'text/html,application/xhtml+xml,application/xml;q=0.9,image/webp,image/apng,*/*;q=0.8',
  'accept-encoding' => 'gzip, deflate, br',
  'accept-language' => 'zh-CN,zh;q=0.9',
  'cookie' => 'Hm_lvt_d214947968792b839fd669a4decaaffc=1541383285,1541550066,1541902679; pgv_pvi=3219878912',
)
[ info ] [ PARAM ] array (
)
[ info ] [ VIEW ] D:\localhost\auth\application\admin\view\login\index.html [ array (
) ]
---------------------------------------------------------------
[ 2018-11-28T10:47:46+08:00 ] ::1 POST localhost/auth/public/admin/login/login.html
[运行时间：0.051277s] [吞吐率：19.50req/s] [内存消耗：3,126.76kb] [文件加载：71]
[ info ] [ LANG ] D:\localhost\auth\thinkphp\lang\zh-cn.php
[ info ] [ ROUTE ] array (
)
[ info ] [ HEADER ] array (
  'host' => 'localhost',
  'connection' => 'keep-alive',
  'content-length' => '25',
  'cache-control' => 'max-age=0',
  'origin' => 'http://localhost',
  'upgrade-insecure-requests' => '1',
  'content-type' => 'application/x-www-form-urlencoded',
  'user-agent' => 'Mozilla/5.0 (Windows NT 10.0; WOW64) AppleWebKit/537.36 (KHTML, like Gecko) Chrome/70.0.3538.102 Safari/537.36',
  'accept' => 'text/html,application/xhtml+xml,application/xml;q=0.9,image/webp,image/apng,*/*;q=0.8',
  'referer' => 'http://localhost/auth/public/admin/login/index',
  'accept-encoding' => 'gzip, deflate, br',
  'accept-language' => 'zh-CN,zh;q=0.9',
  'cookie' => 'Hm_lvt_d214947968792b839fd669a4decaaffc=1541383285,1541550066,1541902679; pgv_pvi=3219878912',
)
[ info ] [ PARAM ] array (
  'username' => '',
  'password' => '',
  'code' => '',
)
[ info ] [ VIEW ] D:\localhost\auth\thinkphp\tpl/dispatch_jump.tpl [ array (
  0 => 'code',
  1 => 'msg',
  2 => 'data',
  3 => 'url',
  4 => 'wait',
) ]
---------------------------------------------------------------
[ 2018-11-28T11:33:12+08:00 ] 127.0.0.1 GET www.auth.com/
[运行时间：0.049157s] [吞吐率：20.34req/s] [内存消耗：1,906.73kb] [文件加载：66]
[ info ] [ LANG ] D:\localhost\auth\thinkphp\lang\zh-cn.php
[ info ] [ ROUTE ] array (
  'rule' => '',
  'route' => 'Index/index',
  'option' => 
  array (
    'merge_rule_regex' => false,
    'complete_match' => true,
  ),
  'var' => 
  array (
  ),
)
[ info ] [ HEADER ] array (
  'host' => 'www.auth.com',
  'connection' => 'keep-alive',
  'upgrade-insecure-requests' => '1',
  'user-agent' => 'Mozilla/5.0 (Windows NT 10.0; WOW64) AppleWebKit/537.36 (KHTML, like Gecko) Chrome/70.0.3538.102 Safari/537.36',
  'accept' => 'text/html,application/xhtml+xml,application/xml;q=0.9,image/webp,image/apng,*/*;q=0.8',
  'accept-encoding' => 'gzip, deflate',
  'accept-language' => 'zh-CN,zh;q=0.9',
  'cookie' => 'pgv_pvi=6712046592',
)
[ info ] [ PARAM ] array (
)
[ info ] [ VIEW ] D:\localhost\auth\application\index\view\index\index.html [ array (
) ]
