---------------------------------------------------------------
[ 2018-11-29T15:09:38+08:00 ] 127.0.0.1 GET www.auth.com/
[运行时间：0.086922s] [吞吐率：11.50req/s] [内存消耗：1,906.65kb] [文件加载：66]
[ info ] [ LANG ] D:\localhost\auth\thinkphp\lang\zh-cn.php
[ info ] [ ROUTE ] array (
  'rule' => '',
  'route' => 'Index/index',
  'option' => 
  array (
    'merge_rule_regex' => false,
    'complete_match' => true,
  ),
  'var' => 
  array (
  ),
)
[ info ] [ HEADER ] array (
  'cookie' => 'pgv_pvi=6712046592',
  'accept-language' => 'zh-CN,zh;q=0.9',
  'accept-encoding' => 'gzip, deflate',
  'accept' => 'text/html,application/xhtml+xml,application/xml;q=0.9,image/webp,image/apng,*/*;q=0.8',
  'user-agent' => 'Mozilla/5.0 (Windows NT 10.0; WOW64) AppleWebKit/537.36 (KHTML, like Gecko) Chrome/70.0.3538.110 Safari/537.36',
  'upgrade-insecure-requests' => '1',
  'connection' => 'close',
  'host' => 'www.auth.com',
)
[ info ] [ PARAM ] array (
)
[ info ] [ VIEW ] D:\localhost\auth\application\index\view\index\index.html [ array (
) ]
---------------------------------------------------------------
[ 2018-11-29T15:09:49+08:00 ] 127.0.0.1 GET www.auth.com/
[运行时间：0.050445s] [吞吐率：19.82req/s] [内存消耗：1,907.42kb] [文件加载：66]
[ info ] [ LANG ] D:\localhost\auth\thinkphp\lang\zh-cn.php
[ info ] [ ROUTE ] array (
  'rule' => '',
  'route' => 'Index/index',
  'option' => 
  array (
    'merge_rule_regex' => false,
    'complete_match' => true,
  ),
  'var' => 
  array (
  ),
)
[ info ] [ HEADER ] array (
  'cookie' => 'pgv_pvi=6712046592',
  'accept-language' => 'zh-CN,zh;q=0.9',
  'accept-encoding' => 'gzip, deflate',
  'accept' => 'text/html,application/xhtml+xml,application/xml;q=0.9,image/webp,image/apng,*/*;q=0.8',
  'user-agent' => 'Mozilla/5.0 (Windows NT 10.0; WOW64) AppleWebKit/537.36 (KHTML, like Gecko) Chrome/70.0.3538.110 Safari/537.36',
  'upgrade-insecure-requests' => '1',
  'cache-control' => 'max-age=0',
  'connection' => 'close',
  'host' => 'www.auth.com',
)
[ info ] [ PARAM ] array (
)
[ info ] [ VIEW ] D:\localhost\auth\application\index\view\index\index.html [ array (
) ]
---------------------------------------------------------------
[ 2018-11-29T15:10:00+08:00 ] 127.0.0.1 GET www.auth.com/
[运行时间：0.048886s] [吞吐率：20.46req/s] [内存消耗：1,906.66kb] [文件加载：66]
[ info ] [ LANG ] D:\localhost\auth\thinkphp\lang\zh-cn.php
[ info ] [ ROUTE ] array (
  'rule' => '',
  'route' => 'Index/index',
  'option' => 
  array (
    'merge_rule_regex' => false,
    'complete_match' => true,
  ),
  'var' => 
  array (
  ),
)
[ info ] [ HEADER ] array (
  'cookie' => 'pgv_pvi=6712046592',
  'accept-language' => 'zh-CN,zh;q=0.9',
  'accept-encoding' => 'gzip, deflate',
  'accept' => 'text/html,application/xhtml+xml,application/xml;q=0.9,image/webp,image/apng,*/*;q=0.8',
  'user-agent' => 'Mozilla/5.0 (Windows NT 10.0; WOW64) AppleWebKit/537.36 (KHTML, like Gecko) Chrome/70.0.3538.110 Safari/537.36',
  'upgrade-insecure-requests' => '1',
  'connection' => 'close',
  'host' => 'www.auth.com',
)
[ info ] [ PARAM ] array (
)
[ info ] [ VIEW ] D:\localhost\auth\application\index\view\index\index.html [ array (
) ]
---------------------------------------------------------------
[ 2018-11-29T15:10:08+08:00 ] 127.0.0.1 GET www.auth.com/index.php/admin/login/index
[运行时间：0.049682s] [吞吐率：20.13req/s] [内存消耗：1,942.14kb] [文件加载：68]
[ info ] [ LANG ] D:\localhost\auth\thinkphp\lang\zh-cn.php
[ info ] [ ROUTE ] array (
)
[ info ] [ HEADER ] array (
  'cookie' => 'pgv_pvi=6712046592',
  'accept-language' => 'zh-CN,zh;q=0.9',
  'accept-encoding' => 'gzip, deflate',
  'accept' => 'text/html,application/xhtml+xml,application/xml;q=0.9,image/webp,image/apng,*/*;q=0.8',
  'user-agent' => 'Mozilla/5.0 (Windows NT 10.0; WOW64) AppleWebKit/537.36 (KHTML, like Gecko) Chrome/70.0.3538.110 Safari/537.36',
  'upgrade-insecure-requests' => '1',
  'connection' => 'close',
  'host' => 'www.auth.com',
)
[ info ] [ PARAM ] array (
)
[ info ] [ VIEW ] D:\localhost\auth\application\admin\view\login\index.html [ array (
) ]
---------------------------------------------------------------
[ 2018-11-29T15:10:08+08:00 ] 127.0.0.1 GET www.auth.com/index.php/captcha.html?0.5722176352129622
[运行时间：0.067835s] [吞吐率：14.74req/s] [内存消耗：1,438.31kb] [文件加载：55]
[ info ] [ LANG ] D:\localhost\auth\thinkphp\lang\zh-cn.php
[ info ] [ ROUTE ] array (
  'rule' => 'captcha/<id?>',
  'route' => '\\think\\captcha\\CaptchaController@index',
  'option' => 
  array (
    'merge_rule_regex' => false,
  ),
  'var' => 
  array (
  ),
)
[ info ] [ HEADER ] array (
  'cookie' => 'pgv_pvi=6712046592',
  'accept-language' => 'zh-CN,zh;q=0.9',
  'accept-encoding' => 'gzip, deflate',
  'referer' => 'http://www.auth.com/index.php/admin/login/index',
  'accept' => 'image/webp,image/apng,image/*,*/*;q=0.8',
  'user-agent' => 'Mozilla/5.0 (Windows NT 10.0; WOW64) AppleWebKit/537.36 (KHTML, like Gecko) Chrome/70.0.3538.110 Safari/537.36',
  'connection' => 'close',
  'host' => 'www.auth.com',
)
[ info ] [ PARAM ] array (
  '0_5722176352129622' => '',
)
---------------------------------------------------------------
[ 2018-11-29T15:10:13+08:00 ] 127.0.0.1 GET www.auth.com/index.php/captcha.html?0.13080282842225244
[运行时间：0.034634s] [吞吐率：28.87req/s] [内存消耗：1,438.52kb] [文件加载：55]
[ info ] [ LANG ] D:\localhost\auth\thinkphp\lang\zh-cn.php
[ info ] [ ROUTE ] array (
  'rule' => 'captcha/<id?>',
  'route' => '\\think\\captcha\\CaptchaController@index',
  'option' => 
  array (
    'merge_rule_regex' => false,
  ),
  'var' => 
  array (
  ),
)
[ info ] [ HEADER ] array (
  'cookie' => 'pgv_pvi=6712046592; PHPSESSID=dfcnahoea6bh3egu0jbpq161b1',
  'accept-language' => 'zh-CN,zh;q=0.9',
  'accept-encoding' => 'gzip, deflate',
  'referer' => 'http://www.auth.com/index.php/admin/login/index',
  'accept' => 'image/webp,image/apng,image/*,*/*;q=0.8',
  'user-agent' => 'Mozilla/5.0 (Windows NT 10.0; WOW64) AppleWebKit/537.36 (KHTML, like Gecko) Chrome/70.0.3538.110 Safari/537.36',
  'connection' => 'close',
  'host' => 'www.auth.com',
)
[ info ] [ PARAM ] array (
  '0_13080282842225244' => '',
)
---------------------------------------------------------------
[ 2018-11-29T15:10:13+08:00 ] 127.0.0.1 GET www.auth.com/index.php/captcha.html?0.014603559125506038
[运行时间：0.031265s] [吞吐率：31.98req/s] [内存消耗：1,438.52kb] [文件加载：55]
[ info ] [ LANG ] D:\localhost\auth\thinkphp\lang\zh-cn.php
[ info ] [ ROUTE ] array (
  'rule' => 'captcha/<id?>',
  'route' => '\\think\\captcha\\CaptchaController@index',
  'option' => 
  array (
    'merge_rule_regex' => false,
  ),
  'var' => 
  array (
  ),
)
[ info ] [ HEADER ] array (
  'cookie' => 'pgv_pvi=6712046592; PHPSESSID=dfcnahoea6bh3egu0jbpq161b1',
  'accept-language' => 'zh-CN,zh;q=0.9',
  'accept-encoding' => 'gzip, deflate',
  'referer' => 'http://www.auth.com/index.php/admin/login/index',
  'accept' => 'image/webp,image/apng,image/*,*/*;q=0.8',
  'user-agent' => 'Mozilla/5.0 (Windows NT 10.0; WOW64) AppleWebKit/537.36 (KHTML, like Gecko) Chrome/70.0.3538.110 Safari/537.36',
  'connection' => 'close',
  'host' => 'www.auth.com',
)
[ info ] [ PARAM ] array (
  '0_014603559125506038' => '',
)
---------------------------------------------------------------
[ 2018-11-29T15:10:15+08:00 ] 127.0.0.1 POST www.auth.com/index.php/admin/login/login.html
[运行时间：0.044892s] [吞吐率：22.28req/s] [内存消耗：1,951.84kb] [文件加载：71]
[ info ] [ LANG ] D:\localhost\auth\thinkphp\lang\zh-cn.php
[ info ] [ ROUTE ] array (
)
[ info ] [ HEADER ] array (
  'cookie' => 'pgv_pvi=6712046592; PHPSESSID=dfcnahoea6bh3egu0jbpq161b1',
  'accept-language' => 'zh-CN,zh;q=0.9',
  'accept-encoding' => 'gzip, deflate',
  'referer' => 'http://www.auth.com/index.php/admin/login/index',
  'accept' => 'text/html,application/xhtml+xml,application/xml;q=0.9,image/webp,image/apng,*/*;q=0.8',
  'user-agent' => 'Mozilla/5.0 (Windows NT 10.0; WOW64) AppleWebKit/537.36 (KHTML, like Gecko) Chrome/70.0.3538.110 Safari/537.36',
  'content-type' => 'application/x-www-form-urlencoded',
  'upgrade-insecure-requests' => '1',
  'origin' => 'http://www.auth.com',
  'cache-control' => 'max-age=0',
  'content-length' => '25',
  'connection' => 'close',
  'host' => 'www.auth.com',
)
[ info ] [ PARAM ] array (
  'username' => '',
  'password' => '',
  'code' => '',
)
[ info ] [ VIEW ] D:\localhost\auth\thinkphp\tpl/dispatch_jump.tpl [ array (
  0 => 'code',
  1 => 'msg',
  2 => 'data',
  3 => 'url',
  4 => 'wait',
) ]
---------------------------------------------------------------
[ 2018-11-29T15:10:18+08:00 ] 127.0.0.1 GET www.auth.com/index.php/captcha.html?0.6760361293667969
[运行时间：0.037269s] [吞吐率：26.83req/s] [内存消耗：1,438.52kb] [文件加载：55]
[ info ] [ LANG ] D:\localhost\auth\thinkphp\lang\zh-cn.php
[ info ] [ ROUTE ] array (
  'rule' => 'captcha/<id?>',
  'route' => '\\think\\captcha\\CaptchaController@index',
  'option' => 
  array (
    'merge_rule_regex' => false,
  ),
  'var' => 
  array (
  ),
)
[ info ] [ HEADER ] array (
  'cookie' => 'pgv_pvi=6712046592; PHPSESSID=dfcnahoea6bh3egu0jbpq161b1',
  'accept-language' => 'zh-CN,zh;q=0.9',
  'accept-encoding' => 'gzip, deflate',
  'referer' => 'http://www.auth.com/index.php/admin/login/index',
  'accept' => 'image/webp,image/apng,image/*,*/*;q=0.8',
  'user-agent' => 'Mozilla/5.0 (Windows NT 10.0; WOW64) AppleWebKit/537.36 (KHTML, like Gecko) Chrome/70.0.3538.110 Safari/537.36',
  'connection' => 'close',
  'host' => 'www.auth.com',
)
[ info ] [ PARAM ] array (
  '0_6760361293667969' => '',
)
---------------------------------------------------------------
[ 2018-11-29T15:10:29+08:00 ] 127.0.0.1 GET www.auth.com/index.php/captcha.html?0.5308901518468239
[运行时间：0.032357s] [吞吐率：30.91req/s] [内存消耗：1,438.52kb] [文件加载：55]
[ info ] [ LANG ] D:\localhost\auth\thinkphp\lang\zh-cn.php
[ info ] [ ROUTE ] array (
  'rule' => 'captcha/<id?>',
  'route' => '\\think\\captcha\\CaptchaController@index',
  'option' => 
  array (
    'merge_rule_regex' => false,
  ),
  'var' => 
  array (
  ),
)
[ info ] [ HEADER ] array (
  'cookie' => 'pgv_pvi=6712046592; PHPSESSID=dfcnahoea6bh3egu0jbpq161b1',
  'accept-language' => 'zh-CN,zh;q=0.9',
  'accept-encoding' => 'gzip, deflate',
  'referer' => 'http://www.auth.com/index.php/admin/login/index',
  'accept' => 'image/webp,image/apng,image/*,*/*;q=0.8',
  'user-agent' => 'Mozilla/5.0 (Windows NT 10.0; WOW64) AppleWebKit/537.36 (KHTML, like Gecko) Chrome/70.0.3538.110 Safari/537.36',
  'connection' => 'close',
  'host' => 'www.auth.com',
)
[ info ] [ PARAM ] array (
  '0_5308901518468239' => '',
)
---------------------------------------------------------------
[ 2018-11-29T15:10:32+08:00 ] 127.0.0.1 POST www.auth.com/index.php/admin/login/login.html
[运行时间：0.086940s] [吞吐率：11.50req/s] [内存消耗：2,907.34kb] [文件加载：76]
[ info ] [ LANG ] D:\localhost\auth\thinkphp\lang\zh-cn.php
[ info ] [ ROUTE ] array (
)
[ info ] [ HEADER ] array (
  'cookie' => 'pgv_pvi=6712046592; PHPSESSID=dfcnahoea6bh3egu0jbpq161b1',
  'accept-language' => 'zh-CN,zh;q=0.9',
  'accept-encoding' => 'gzip, deflate',
  'referer' => 'http://www.auth.com/index.php/admin/login/index',
  'accept' => 'text/html,application/xhtml+xml,application/xml;q=0.9,image/webp,image/apng,*/*;q=0.8',
  'user-agent' => 'Mozilla/5.0 (Windows NT 10.0; WOW64) AppleWebKit/537.36 (KHTML, like Gecko) Chrome/70.0.3538.110 Safari/537.36',
  'content-type' => 'application/x-www-form-urlencoded',
  'upgrade-insecure-requests' => '1',
  'origin' => 'http://www.auth.com',
  'cache-control' => 'max-age=0',
  'content-length' => '41',
  'connection' => 'close',
  'host' => 'www.auth.com',
)
[ info ] [ PARAM ] array (
  'username' => 'admin',
  'password' => '12345678',
  'code' => 'ift',
)
[ info ] [ DB ] INIT mysql
[ info ] [ VIEW ] D:\localhost\auth\thinkphp\tpl/dispatch_jump.tpl [ array (
  0 => 'code',
  1 => 'msg',
  2 => 'data',
  3 => 'url',
  4 => 'wait',
) ]
[ sql ] [ DB ] CONNECT:[ UseTime:0.006120s ] mysql:host=127.0.0.1;dbname=auth;charset=utf8
[ sql ] [ SQL ] SHOW COLUMNS FROM `admin` [ RunTime:0.014271s ]
[ sql ] [ SQL ] SELECT `id`,`name` FROM `admin` WHERE  `name` = 'admin'  AND `password` = '25d55ad283aa400af464c76d713c07ad' LIMIT 1 [ RunTime:0.001020s ]
---------------------------------------------------------------
[ 2018-11-29T15:10:35+08:00 ] 127.0.0.1 GET www.auth.com/index.php/captcha.html?0.7109037887629439
[运行时间：0.036329s] [吞吐率：27.53req/s] [内存消耗：1,438.37kb] [文件加载：55]
[ info ] [ LANG ] D:\localhost\auth\thinkphp\lang\zh-cn.php
[ info ] [ ROUTE ] array (
  'rule' => 'captcha/<id?>',
  'route' => '\\think\\captcha\\CaptchaController@index',
  'option' => 
  array (
    'merge_rule_regex' => false,
  ),
  'var' => 
  array (
  ),
)
[ info ] [ HEADER ] array (
  'cookie' => 'pgv_pvi=6712046592; PHPSESSID=dfcnahoea6bh3egu0jbpq161b1',
  'accept-language' => 'zh-CN,zh;q=0.9',
  'accept-encoding' => 'gzip, deflate',
  'referer' => 'http://www.auth.com/index.php/admin/login/index',
  'accept' => 'image/webp,image/apng,image/*,*/*;q=0.8',
  'user-agent' => 'Mozilla/5.0 (Windows NT 10.0; WOW64) AppleWebKit/537.36 (KHTML, like Gecko) Chrome/70.0.3538.110 Safari/537.36',
  'connection' => 'close',
  'host' => 'www.auth.com',
)
[ info ] [ PARAM ] array (
  '0_7109037887629439' => '',
)
---------------------------------------------------------------
[ 2018-11-29T15:10:43+08:00 ] 127.0.0.1 POST www.auth.com/index.php/admin/login/login.html
[运行时间：0.056108s] [吞吐率：17.82req/s] [内存消耗：2,907.33kb] [文件加载：76]
[ info ] [ LANG ] D:\localhost\auth\thinkphp\lang\zh-cn.php
[ info ] [ ROUTE ] array (
)
[ info ] [ HEADER ] array (
  'cookie' => 'pgv_pvi=6712046592; PHPSESSID=dfcnahoea6bh3egu0jbpq161b1',
  'accept-language' => 'zh-CN,zh;q=0.9',
  'accept-encoding' => 'gzip, deflate',
  'referer' => 'http://www.auth.com/index.php/admin/login/index',
  'accept' => 'text/html,application/xhtml+xml,application/xml;q=0.9,image/webp,image/apng,*/*;q=0.8',
  'user-agent' => 'Mozilla/5.0 (Windows NT 10.0; WOW64) AppleWebKit/537.36 (KHTML, like Gecko) Chrome/70.0.3538.110 Safari/537.36',
  'content-type' => 'application/x-www-form-urlencoded',
  'upgrade-insecure-requests' => '1',
  'origin' => 'http://www.auth.com',
  'cache-control' => 'max-age=0',
  'content-length' => '38',
  'connection' => 'close',
  'host' => 'www.auth.com',
)
[ info ] [ PARAM ] array (
  'username' => 'admin',
  'password' => 'admin',
  'code' => 'wmp',
)
[ info ] [ DB ] INIT mysql
[ info ] [ VIEW ] D:\localhost\auth\thinkphp\tpl/dispatch_jump.tpl [ array (
  0 => 'code',
  1 => 'msg',
  2 => 'data',
  3 => 'url',
  4 => 'wait',
) ]
[ sql ] [ DB ] CONNECT:[ UseTime:0.001023s ] mysql:host=127.0.0.1;dbname=auth;charset=utf8
[ sql ] [ SQL ] SHOW COLUMNS FROM `admin` [ RunTime:0.001549s ]
[ sql ] [ SQL ] SELECT `id`,`name` FROM `admin` WHERE  `name` = 'admin'  AND `password` = '21232f297a57a5a743894a0e4a801fc3' LIMIT 1 [ RunTime:0.000510s ]
---------------------------------------------------------------
[ 2018-11-29T15:10:46+08:00 ] 127.0.0.1 GET www.auth.com/index.php/captcha.html?0.2605337814667583
[运行时间：0.036342s] [吞吐率：27.52req/s] [内存消耗：1,438.37kb] [文件加载：55]
[ info ] [ LANG ] D:\localhost\auth\thinkphp\lang\zh-cn.php
[ info ] [ ROUTE ] array (
  'rule' => 'captcha/<id?>',
  'route' => '\\think\\captcha\\CaptchaController@index',
  'option' => 
  array (
    'merge_rule_regex' => false,
  ),
  'var' => 
  array (
  ),
)
[ info ] [ HEADER ] array (
  'cookie' => 'pgv_pvi=6712046592; PHPSESSID=dfcnahoea6bh3egu0jbpq161b1',
  'accept-language' => 'zh-CN,zh;q=0.9',
  'accept-encoding' => 'gzip, deflate',
  'referer' => 'http://www.auth.com/index.php/admin/login/index',
  'accept' => 'image/webp,image/apng,image/*,*/*;q=0.8',
  'user-agent' => 'Mozilla/5.0 (Windows NT 10.0; WOW64) AppleWebKit/537.36 (KHTML, like Gecko) Chrome/70.0.3538.110 Safari/537.36',
  'connection' => 'close',
  'host' => 'www.auth.com',
)
[ info ] [ PARAM ] array (
  '0_2605337814667583' => '',
)
---------------------------------------------------------------
[ 2018-11-29T15:10:49+08:00 ] 127.0.0.1 GET www.auth.com/index.php/captcha.html?0.9584534484414282
[运行时间：0.032447s] [吞吐率：30.82req/s] [内存消耗：1,438.52kb] [文件加载：55]
[ info ] [ LANG ] D:\localhost\auth\thinkphp\lang\zh-cn.php
[ info ] [ ROUTE ] array (
  'rule' => 'captcha/<id?>',
  'route' => '\\think\\captcha\\CaptchaController@index',
  'option' => 
  array (
    'merge_rule_regex' => false,
  ),
  'var' => 
  array (
  ),
)
[ info ] [ HEADER ] array (
  'cookie' => 'pgv_pvi=6712046592; PHPSESSID=dfcnahoea6bh3egu0jbpq161b1',
  'accept-language' => 'zh-CN,zh;q=0.9',
  'accept-encoding' => 'gzip, deflate',
  'referer' => 'http://www.auth.com/index.php/admin/login/index',
  'accept' => 'image/webp,image/apng,image/*,*/*;q=0.8',
  'user-agent' => 'Mozilla/5.0 (Windows NT 10.0; WOW64) AppleWebKit/537.36 (KHTML, like Gecko) Chrome/70.0.3538.110 Safari/537.36',
  'connection' => 'close',
  'host' => 'www.auth.com',
)
[ info ] [ PARAM ] array (
  '0_9584534484414282' => '',
)
---------------------------------------------------------------
[ 2018-11-29T15:10:53+08:00 ] 127.0.0.1 POST www.auth.com/index.php/admin/login/login.html
[运行时间：0.059498s] [吞吐率：16.81req/s] [内存消耗：2,967.40kb] [文件加载：76]
[ info ] [ LANG ] D:\localhost\auth\thinkphp\lang\zh-cn.php
[ info ] [ ROUTE ] array (
)
[ info ] [ HEADER ] array (
  'cookie' => 'pgv_pvi=6712046592; PHPSESSID=dfcnahoea6bh3egu0jbpq161b1',
  'accept-language' => 'zh-CN,zh;q=0.9',
  'accept-encoding' => 'gzip, deflate',
  'referer' => 'http://www.auth.com/index.php/admin/login/index',
  'accept' => 'text/html,application/xhtml+xml,application/xml;q=0.9,image/webp,image/apng,*/*;q=0.8',
  'user-agent' => 'Mozilla/5.0 (Windows NT 10.0; WOW64) AppleWebKit/537.36 (KHTML, like Gecko) Chrome/70.0.3538.110 Safari/537.36',
  'content-type' => 'application/x-www-form-urlencoded',
  'upgrade-insecure-requests' => '1',
  'origin' => 'http://www.auth.com',
  'cache-control' => 'max-age=0',
  'content-length' => '39',
  'connection' => 'close',
  'host' => 'www.auth.com',
)
[ info ] [ PARAM ] array (
  'username' => 'admin',
  'password' => '888888',
  'code' => 'jz8',
)
[ info ] [ DB ] INIT mysql
[ sql ] [ DB ] CONNECT:[ UseTime:0.001020s ] mysql:host=127.0.0.1;dbname=auth;charset=utf8
[ sql ] [ SQL ] SHOW COLUMNS FROM `admin` [ RunTime:0.001347s ]
[ sql ] [ SQL ] SELECT `id`,`name` FROM `admin` WHERE  `name` = 'admin'  AND `password` = '21218cca77804d2ba1922c33e0151105' LIMIT 1 [ RunTime:0.000873s ]
---------------------------------------------------------------
[ 2018-11-29T15:10:53+08:00 ] 127.0.0.1 GET www.auth.com/index.php/
[运行时间：0.045007s] [吞吐率：22.22req/s] [内存消耗：1,907.58kb] [文件加载：66]
[ info ] [ LANG ] D:\localhost\auth\thinkphp\lang\zh-cn.php
[ info ] [ ROUTE ] array (
  'rule' => '',
  'route' => 'Index/index',
  'option' => 
  array (
    'merge_rule_regex' => false,
    'complete_match' => true,
  ),
  'var' => 
  array (
  ),
)
[ info ] [ HEADER ] array (
  'cookie' => 'pgv_pvi=6712046592; PHPSESSID=dfcnahoea6bh3egu0jbpq161b1',
  'accept-language' => 'zh-CN,zh;q=0.9',
  'accept-encoding' => 'gzip, deflate',
  'referer' => 'http://www.auth.com/index.php/admin/login/index',
  'accept' => 'text/html,application/xhtml+xml,application/xml;q=0.9,image/webp,image/apng,*/*;q=0.8',
  'user-agent' => 'Mozilla/5.0 (Windows NT 10.0; WOW64) AppleWebKit/537.36 (KHTML, like Gecko) Chrome/70.0.3538.110 Safari/537.36',
  'upgrade-insecure-requests' => '1',
  'cache-control' => 'max-age=0',
  'connection' => 'close',
  'host' => 'www.auth.com',
)
[ info ] [ PARAM ] array (
)
[ info ] [ VIEW ] D:\localhost\auth\application\index\view\index\index.html [ array (
) ]
---------------------------------------------------------------
[ 2018-11-29T15:10:58+08:00 ] 127.0.0.1 GET www.auth.com/index.php/
[运行时间：0.039947s] [吞吐率：25.03req/s] [内存消耗：1,907.58kb] [文件加载：66]
[ info ] [ LANG ] D:\localhost\auth\thinkphp\lang\zh-cn.php
[ info ] [ ROUTE ] array (
  'rule' => '',
  'route' => 'Index/index',
  'option' => 
  array (
    'merge_rule_regex' => false,
    'complete_match' => true,
  ),
  'var' => 
  array (
  ),
)
[ info ] [ HEADER ] array (
  'cookie' => 'pgv_pvi=6712046592; PHPSESSID=dfcnahoea6bh3egu0jbpq161b1',
  'accept-language' => 'zh-CN,zh;q=0.9',
  'accept-encoding' => 'gzip, deflate',
  'referer' => 'http://www.auth.com/index.php/admin/login/index',
  'accept' => 'text/html,application/xhtml+xml,application/xml;q=0.9,image/webp,image/apng,*/*;q=0.8',
  'user-agent' => 'Mozilla/5.0 (Windows NT 10.0; WOW64) AppleWebKit/537.36 (KHTML, like Gecko) Chrome/70.0.3538.110 Safari/537.36',
  'upgrade-insecure-requests' => '1',
  'cache-control' => 'max-age=0',
  'connection' => 'close',
  'host' => 'www.auth.com',
)
[ info ] [ PARAM ] array (
)
[ info ] [ VIEW ] D:\localhost\auth\application\index\view\index\index.html [ array (
) ]
---------------------------------------------------------------
[ 2018-11-29T15:32:44+08:00 ] 127.0.0.1 GET www.auth.com/admin/index/index
[运行时间：0.047195s] [吞吐率：21.19req/s] [内存消耗：1,959.58kb] [文件加载：70]
[ info ] [ LANG ] D:\localhost\auth\thinkphp\lang\zh-cn.php
[ info ] [ ROUTE ] array (
)
[ info ] [ HEADER ] array (
  'host' => 'www.auth.com',
  'connection' => 'keep-alive',
  'cache-control' => 'max-age=0',
  'upgrade-insecure-requests' => '1',
  'user-agent' => 'Mozilla/5.0 (Windows NT 10.0; WOW64) AppleWebKit/537.36 (KHTML, like Gecko) Chrome/70.0.3538.110 Safari/537.36',
  'accept' => 'text/html,application/xhtml+xml,application/xml;q=0.9,image/webp,image/apng,*/*;q=0.8',
  'accept-encoding' => 'gzip, deflate',
  'accept-language' => 'zh-CN,zh;q=0.9',
  'cookie' => 'pgv_pvi=6712046592; PHPSESSID=dfcnahoea6bh3egu0jbpq161b1',
)
[ info ] [ PARAM ] array (
)
---------------------------------------------------------------
[ 2018-11-29T15:32:44+08:00 ] 127.0.0.1 GET www.auth.com/admin/login/index.html
[运行时间：0.041479s] [吞吐率：24.11req/s] [内存消耗：1,943.09kb] [文件加载：68]
[ info ] [ LANG ] D:\localhost\auth\thinkphp\lang\zh-cn.php
[ info ] [ ROUTE ] array (
)
[ info ] [ HEADER ] array (
  'host' => 'www.auth.com',
  'connection' => 'keep-alive',
  'cache-control' => 'max-age=0',
  'upgrade-insecure-requests' => '1',
  'user-agent' => 'Mozilla/5.0 (Windows NT 10.0; WOW64) AppleWebKit/537.36 (KHTML, like Gecko) Chrome/70.0.3538.110 Safari/537.36',
  'accept' => 'text/html,application/xhtml+xml,application/xml;q=0.9,image/webp,image/apng,*/*;q=0.8',
  'accept-encoding' => 'gzip, deflate',
  'accept-language' => 'zh-CN,zh;q=0.9',
  'cookie' => 'pgv_pvi=6712046592; PHPSESSID=dfcnahoea6bh3egu0jbpq161b1',
)
[ info ] [ PARAM ] array (
)
[ info ] [ VIEW ] D:\localhost\auth\application\admin\view\login\index.html [ array (
) ]
---------------------------------------------------------------
[ 2018-11-29T15:32:44+08:00 ] 127.0.0.1 GET www.auth.com/captcha.html?0.9133072145097634
[运行时间：0.034148s] [吞吐率：29.28req/s] [内存消耗：1,438.45kb] [文件加载：55]
[ info ] [ LANG ] D:\localhost\auth\thinkphp\lang\zh-cn.php
[ info ] [ ROUTE ] array (
  'rule' => 'captcha/<id?>',
  'route' => '\\think\\captcha\\CaptchaController@index',
  'option' => 
  array (
    'merge_rule_regex' => false,
  ),
  'var' => 
  array (
  ),
)
[ info ] [ HEADER ] array (
  'host' => 'www.auth.com',
  'connection' => 'keep-alive',
  'user-agent' => 'Mozilla/5.0 (Windows NT 10.0; WOW64) AppleWebKit/537.36 (KHTML, like Gecko) Chrome/70.0.3538.110 Safari/537.36',
  'accept' => 'image/webp,image/apng,image/*,*/*;q=0.8',
  'referer' => 'http://www.auth.com/admin/login/index.html',
  'accept-encoding' => 'gzip, deflate',
  'accept-language' => 'zh-CN,zh;q=0.9',
  'cookie' => 'pgv_pvi=6712046592; PHPSESSID=dfcnahoea6bh3egu0jbpq161b1',
)
[ info ] [ PARAM ] array (
  '0_9133072145097634' => '',
)
---------------------------------------------------------------
[ 2018-11-29T15:33:10+08:00 ] 127.0.0.1 GET www.auth.com/admin/login/index.html
[运行时间：0.051335s] [吞吐率：19.48req/s] [内存消耗：1,943.09kb] [文件加载：68]
[ info ] [ LANG ] D:\localhost\auth\thinkphp\lang\zh-cn.php
[ info ] [ ROUTE ] array (
)
[ info ] [ HEADER ] array (
  'host' => 'www.auth.com',
  'connection' => 'keep-alive',
  'cache-control' => 'max-age=0',
  'upgrade-insecure-requests' => '1',
  'user-agent' => 'Mozilla/5.0 (Windows NT 10.0; WOW64) AppleWebKit/537.36 (KHTML, like Gecko) Chrome/70.0.3538.110 Safari/537.36',
  'accept' => 'text/html,application/xhtml+xml,application/xml;q=0.9,image/webp,image/apng,*/*;q=0.8',
  'accept-encoding' => 'gzip, deflate',
  'accept-language' => 'zh-CN,zh;q=0.9',
  'cookie' => 'pgv_pvi=6712046592; PHPSESSID=dfcnahoea6bh3egu0jbpq161b1',
)
[ info ] [ PARAM ] array (
)
[ info ] [ VIEW ] D:\localhost\auth\application\admin\view\login\index.html [ array (
) ]
---------------------------------------------------------------
[ 2018-11-29T15:33:10+08:00 ] 127.0.0.1 GET www.auth.com/captcha.html?0.5697475295921304
[运行时间：0.036816s] [吞吐率：27.16req/s] [内存消耗：1,438.60kb] [文件加载：55]
[ info ] [ LANG ] D:\localhost\auth\thinkphp\lang\zh-cn.php
[ info ] [ ROUTE ] array (
  'rule' => 'captcha/<id?>',
  'route' => '\\think\\captcha\\CaptchaController@index',
  'option' => 
  array (
    'merge_rule_regex' => false,
  ),
  'var' => 
  array (
  ),
)
[ info ] [ HEADER ] array (
  'host' => 'www.auth.com',
  'connection' => 'keep-alive',
  'user-agent' => 'Mozilla/5.0 (Windows NT 10.0; WOW64) AppleWebKit/537.36 (KHTML, like Gecko) Chrome/70.0.3538.110 Safari/537.36',
  'accept' => 'image/webp,image/apng,image/*,*/*;q=0.8',
  'referer' => 'http://www.auth.com/admin/login/index.html',
  'accept-encoding' => 'gzip, deflate',
  'accept-language' => 'zh-CN,zh;q=0.9',
  'cookie' => 'pgv_pvi=6712046592; PHPSESSID=dfcnahoea6bh3egu0jbpq161b1',
)
[ info ] [ PARAM ] array (
  '0_5697475295921304' => '',
)
---------------------------------------------------------------
[ 2018-11-29T15:33:19+08:00 ] 127.0.0.1 POST www.auth.com/admin/login/login.html
[运行时间：0.046935s] [吞吐率：21.31req/s] [内存消耗：1,951.96kb] [文件加载：71]
[ info ] [ LANG ] D:\localhost\auth\thinkphp\lang\zh-cn.php
[ info ] [ ROUTE ] array (
)
[ info ] [ HEADER ] array (
  'host' => 'www.auth.com',
  'connection' => 'keep-alive',
  'content-length' => '39',
  'cache-control' => 'max-age=0',
  'origin' => 'http://www.auth.com',
  'upgrade-insecure-requests' => '1',
  'content-type' => 'application/x-www-form-urlencoded',
  'user-agent' => 'Mozilla/5.0 (Windows NT 10.0; WOW64) AppleWebKit/537.36 (KHTML, like Gecko) Chrome/70.0.3538.110 Safari/537.36',
  'accept' => 'text/html,application/xhtml+xml,application/xml;q=0.9,image/webp,image/apng,*/*;q=0.8',
  'referer' => 'http://www.auth.com/admin/login/index.html',
  'accept-encoding' => 'gzip, deflate',
  'accept-language' => 'zh-CN,zh;q=0.9',
  'cookie' => 'pgv_pvi=6712046592; PHPSESSID=dfcnahoea6bh3egu0jbpq161b1',
)
[ info ] [ PARAM ] array (
  'username' => 'admin',
  'password' => '888888clm',
  'code' => '',
)
[ info ] [ VIEW ] D:\localhost\auth\thinkphp\tpl/dispatch_jump.tpl [ array (
  0 => 'code',
  1 => 'msg',
  2 => 'data',
  3 => 'url',
  4 => 'wait',
) ]
---------------------------------------------------------------
[ 2018-11-29T15:33:22+08:00 ] 127.0.0.1 GET www.auth.com/captcha.html?0.8157324952853597
[运行时间：0.037691s] [吞吐率：26.53req/s] [内存消耗：1,438.60kb] [文件加载：55]
[ info ] [ LANG ] D:\localhost\auth\thinkphp\lang\zh-cn.php
[ info ] [ ROUTE ] array (
  'rule' => 'captcha/<id?>',
  'route' => '\\think\\captcha\\CaptchaController@index',
  'option' => 
  array (
    'merge_rule_regex' => false,
  ),
  'var' => 
  array (
  ),
)
[ info ] [ HEADER ] array (
  'host' => 'www.auth.com',
  'connection' => 'keep-alive',
  'user-agent' => 'Mozilla/5.0 (Windows NT 10.0; WOW64) AppleWebKit/537.36 (KHTML, like Gecko) Chrome/70.0.3538.110 Safari/537.36',
  'accept' => 'image/webp,image/apng,image/*,*/*;q=0.8',
  'referer' => 'http://www.auth.com/admin/login/index.html',
  'accept-encoding' => 'gzip, deflate',
  'accept-language' => 'zh-CN,zh;q=0.9',
  'cookie' => 'pgv_pvi=6712046592; PHPSESSID=dfcnahoea6bh3egu0jbpq161b1',
)
[ info ] [ PARAM ] array (
  '0_8157324952853597' => '',
)
---------------------------------------------------------------
[ 2018-11-29T15:33:25+08:00 ] 127.0.0.1 GET www.auth.com/captcha.html?0.2263695786954023
[运行时间：0.031936s] [吞吐率：31.31req/s] [内存消耗：1,438.60kb] [文件加载：55]
[ info ] [ LANG ] D:\localhost\auth\thinkphp\lang\zh-cn.php
[ info ] [ ROUTE ] array (
  'rule' => 'captcha/<id?>',
  'route' => '\\think\\captcha\\CaptchaController@index',
  'option' => 
  array (
    'merge_rule_regex' => false,
  ),
  'var' => 
  array (
  ),
)
[ info ] [ HEADER ] array (
  'host' => 'www.auth.com',
  'connection' => 'keep-alive',
  'user-agent' => 'Mozilla/5.0 (Windows NT 10.0; WOW64) AppleWebKit/537.36 (KHTML, like Gecko) Chrome/70.0.3538.110 Safari/537.36',
  'accept' => 'image/webp,image/apng,image/*,*/*;q=0.8',
  'referer' => 'http://www.auth.com/admin/login/index.html',
  'accept-encoding' => 'gzip, deflate',
  'accept-language' => 'zh-CN,zh;q=0.9',
  'cookie' => 'pgv_pvi=6712046592; PHPSESSID=dfcnahoea6bh3egu0jbpq161b1',
)
[ info ] [ PARAM ] array (
  '0_2263695786954023' => '',
)
---------------------------------------------------------------
[ 2018-11-29T15:33:26+08:00 ] 127.0.0.1 GET www.auth.com/captcha.html?0.6805142454548994
[运行时间：0.032314s] [吞吐率：30.95req/s] [内存消耗：1,438.60kb] [文件加载：55]
[ info ] [ LANG ] D:\localhost\auth\thinkphp\lang\zh-cn.php
[ info ] [ ROUTE ] array (
  'rule' => 'captcha/<id?>',
  'route' => '\\think\\captcha\\CaptchaController@index',
  'option' => 
  array (
    'merge_rule_regex' => false,
  ),
  'var' => 
  array (
  ),
)
[ info ] [ HEADER ] array (
  'host' => 'www.auth.com',
  'connection' => 'keep-alive',
  'user-agent' => 'Mozilla/5.0 (Windows NT 10.0; WOW64) AppleWebKit/537.36 (KHTML, like Gecko) Chrome/70.0.3538.110 Safari/537.36',
  'accept' => 'image/webp,image/apng,image/*,*/*;q=0.8',
  'referer' => 'http://www.auth.com/admin/login/index.html',
  'accept-encoding' => 'gzip, deflate',
  'accept-language' => 'zh-CN,zh;q=0.9',
  'cookie' => 'pgv_pvi=6712046592; PHPSESSID=dfcnahoea6bh3egu0jbpq161b1',
)
[ info ] [ PARAM ] array (
  '0_6805142454548994' => '',
)
---------------------------------------------------------------
[ 2018-11-29T15:33:30+08:00 ] 127.0.0.1 POST www.auth.com/admin/login/login.html
[运行时间：0.061092s] [吞吐率：16.37req/s] [内存消耗：2,967.47kb] [文件加载：76]
[ info ] [ LANG ] D:\localhost\auth\thinkphp\lang\zh-cn.php
[ info ] [ ROUTE ] array (
)
[ info ] [ HEADER ] array (
  'host' => 'www.auth.com',
  'connection' => 'keep-alive',
  'content-length' => '39',
  'cache-control' => 'max-age=0',
  'origin' => 'http://www.auth.com',
  'upgrade-insecure-requests' => '1',
  'content-type' => 'application/x-www-form-urlencoded',
  'user-agent' => 'Mozilla/5.0 (Windows NT 10.0; WOW64) AppleWebKit/537.36 (KHTML, like Gecko) Chrome/70.0.3538.110 Safari/537.36',
  'accept' => 'text/html,application/xhtml+xml,application/xml;q=0.9,image/webp,image/apng,*/*;q=0.8',
  'referer' => 'http://www.auth.com/admin/login/index.html',
  'accept-encoding' => 'gzip, deflate',
  'accept-language' => 'zh-CN,zh;q=0.9',
  'cookie' => 'pgv_pvi=6712046592; PHPSESSID=dfcnahoea6bh3egu0jbpq161b1',
)
[ info ] [ PARAM ] array (
  'username' => 'admin',
  'password' => '888888',
  'code' => 'xwj',
)
[ info ] [ DB ] INIT mysql
[ sql ] [ DB ] CONNECT:[ UseTime:0.009708s ] mysql:host=127.0.0.1;dbname=auth;charset=utf8
[ sql ] [ SQL ] SHOW COLUMNS FROM `admin` [ RunTime:0.000743s ]
[ sql ] [ SQL ] SELECT `id`,`name` FROM `admin` WHERE  `name` = 'admin'  AND `password` = '21218cca77804d2ba1922c33e0151105' LIMIT 1 [ RunTime:0.000434s ]
---------------------------------------------------------------
[ 2018-11-29T15:33:30+08:00 ] 127.0.0.1 GET www.auth.com/
[运行时间：0.040799s] [吞吐率：24.51req/s] [内存消耗：1,907.66kb] [文件加载：66]
[ info ] [ LANG ] D:\localhost\auth\thinkphp\lang\zh-cn.php
[ info ] [ ROUTE ] array (
  'rule' => '',
  'route' => 'Index/index',
  'option' => 
  array (
    'merge_rule_regex' => false,
    'complete_match' => true,
  ),
  'var' => 
  array (
  ),
)
[ info ] [ HEADER ] array (
  'host' => 'www.auth.com',
  'connection' => 'keep-alive',
  'cache-control' => 'max-age=0',
  'upgrade-insecure-requests' => '1',
  'user-agent' => 'Mozilla/5.0 (Windows NT 10.0; WOW64) AppleWebKit/537.36 (KHTML, like Gecko) Chrome/70.0.3538.110 Safari/537.36',
  'accept' => 'text/html,application/xhtml+xml,application/xml;q=0.9,image/webp,image/apng,*/*;q=0.8',
  'referer' => 'http://www.auth.com/admin/login/index.html',
  'accept-encoding' => 'gzip, deflate',
  'accept-language' => 'zh-CN,zh;q=0.9',
  'cookie' => 'pgv_pvi=6712046592; PHPSESSID=dfcnahoea6bh3egu0jbpq161b1',
)
[ info ] [ PARAM ] array (
)
[ info ] [ VIEW ] D:\localhost\auth\application\index\view\index\index.html [ array (
) ]
---------------------------------------------------------------
[ 2018-11-29T15:43:27+08:00 ] 127.0.0.1 GET www.auth.com/
[运行时间：0.049112s] [吞吐率：20.36req/s] [内存消耗：1,907.66kb] [文件加载：66]
[ info ] [ LANG ] D:\localhost\auth\thinkphp\lang\zh-cn.php
[ info ] [ ROUTE ] array (
  'rule' => '',
  'route' => 'Index/index',
  'option' => 
  array (
    'merge_rule_regex' => false,
    'complete_match' => true,
  ),
  'var' => 
  array (
  ),
)
[ info ] [ HEADER ] array (
  'host' => 'www.auth.com',
  'connection' => 'keep-alive',
  'cache-control' => 'max-age=0',
  'upgrade-insecure-requests' => '1',
  'user-agent' => 'Mozilla/5.0 (Windows NT 10.0; WOW64) AppleWebKit/537.36 (KHTML, like Gecko) Chrome/70.0.3538.110 Safari/537.36',
  'accept' => 'text/html,application/xhtml+xml,application/xml;q=0.9,image/webp,image/apng,*/*;q=0.8',
  'referer' => 'http://www.auth.com/admin/login/index.html',
  'accept-encoding' => 'gzip, deflate',
  'accept-language' => 'zh-CN,zh;q=0.9',
  'cookie' => 'pgv_pvi=6712046592; PHPSESSID=dfcnahoea6bh3egu0jbpq161b1',
)
[ info ] [ PARAM ] array (
)
[ info ] [ VIEW ] D:\localhost\auth\application\index\view\index\index.html [ array (
) ]
---------------------------------------------------------------
[ 2018-11-29T15:43:56+08:00 ] 127.0.0.1 GET www.auth.com/
[运行时间：0.046835s] [吞吐率：21.35req/s] [内存消耗：1,907.66kb] [文件加载：66]
[ info ] [ LANG ] D:\localhost\auth\thinkphp\lang\zh-cn.php
[ info ] [ ROUTE ] array (
  'rule' => '',
  'route' => 'Index/index',
  'option' => 
  array (
    'merge_rule_regex' => false,
    'complete_match' => true,
  ),
  'var' => 
  array (
  ),
)
[ info ] [ HEADER ] array (
  'host' => 'www.auth.com',
  'connection' => 'keep-alive',
  'cache-control' => 'max-age=0',
  'upgrade-insecure-requests' => '1',
  'user-agent' => 'Mozilla/5.0 (Windows NT 10.0; WOW64) AppleWebKit/537.36 (KHTML, like Gecko) Chrome/70.0.3538.110 Safari/537.36',
  'accept' => 'text/html,application/xhtml+xml,application/xml;q=0.9,image/webp,image/apng,*/*;q=0.8',
  'referer' => 'http://www.auth.com/admin/login/index.html',
  'accept-encoding' => 'gzip, deflate',
  'accept-language' => 'zh-CN,zh;q=0.9',
  'cookie' => 'pgv_pvi=6712046592; PHPSESSID=dfcnahoea6bh3egu0jbpq161b1',
)
[ info ] [ PARAM ] array (
)
[ info ] [ VIEW ] D:\localhost\auth\application\index\view\index\index.html [ array (
) ]
---------------------------------------------------------------
[ 2018-11-29T15:45:34+08:00 ] 127.0.0.1 GET www.auth.com/
[运行时间：0.040568s] [吞吐率：24.65req/s] [内存消耗：1,907.66kb] [文件加载：66]
[ info ] [ LANG ] D:\localhost\auth\thinkphp\lang\zh-cn.php
[ info ] [ ROUTE ] array (
  'rule' => '',
  'route' => 'Index/index',
  'option' => 
  array (
    'merge_rule_regex' => false,
    'complete_match' => true,
  ),
  'var' => 
  array (
  ),
)
[ info ] [ HEADER ] array (
  'host' => 'www.auth.com',
  'connection' => 'keep-alive',
  'cache-control' => 'max-age=0',
  'upgrade-insecure-requests' => '1',
  'user-agent' => 'Mozilla/5.0 (Windows NT 10.0; WOW64) AppleWebKit/537.36 (KHTML, like Gecko) Chrome/70.0.3538.110 Safari/537.36',
  'accept' => 'text/html,application/xhtml+xml,application/xml;q=0.9,image/webp,image/apng,*/*;q=0.8',
  'referer' => 'http://www.auth.com/admin/login/index.html',
  'accept-encoding' => 'gzip, deflate',
  'accept-language' => 'zh-CN,zh;q=0.9',
  'cookie' => 'pgv_pvi=6712046592; PHPSESSID=dfcnahoea6bh3egu0jbpq161b1',
)
[ info ] [ PARAM ] array (
)
[ info ] [ VIEW ] D:\localhost\auth\application\index\view\index\index.html [ array (
) ]
---------------------------------------------------------------
[ 2018-11-29T15:45:35+08:00 ] 127.0.0.1 GET www.auth.com/
[运行时间：0.041149s] [吞吐率：24.30req/s] [内存消耗：1,907.66kb] [文件加载：66]
[ info ] [ LANG ] D:\localhost\auth\thinkphp\lang\zh-cn.php
[ info ] [ ROUTE ] array (
  'rule' => '',
  'route' => 'Index/index',
  'option' => 
  array (
    'merge_rule_regex' => false,
    'complete_match' => true,
  ),
  'var' => 
  array (
  ),
)
[ info ] [ HEADER ] array (
  'host' => 'www.auth.com',
  'connection' => 'keep-alive',
  'cache-control' => 'max-age=0',
  'upgrade-insecure-requests' => '1',
  'user-agent' => 'Mozilla/5.0 (Windows NT 10.0; WOW64) AppleWebKit/537.36 (KHTML, like Gecko) Chrome/70.0.3538.110 Safari/537.36',
  'accept' => 'text/html,application/xhtml+xml,application/xml;q=0.9,image/webp,image/apng,*/*;q=0.8',
  'referer' => 'http://www.auth.com/admin/login/index.html',
  'accept-encoding' => 'gzip, deflate',
  'accept-language' => 'zh-CN,zh;q=0.9',
  'cookie' => 'pgv_pvi=6712046592; PHPSESSID=dfcnahoea6bh3egu0jbpq161b1',
)
[ info ] [ PARAM ] array (
)
[ info ] [ VIEW ] D:\localhost\auth\application\index\view\index\index.html [ array (
) ]
---------------------------------------------------------------
[ 2018-11-29T16:48:42+08:00 ] 127.0.0.1 GET www.auth.com/
[运行时间：0.051756s] [吞吐率：19.32req/s] [内存消耗：3,047.27kb] [文件加载：66]
[ info ] [ LANG ] D:\localhost\auth\thinkphp\lang\zh-cn.php
[ info ] [ ROUTE ] array (
  'rule' => '',
  'route' => 'Index/index',
  'option' => 
  array (
    'merge_rule_regex' => false,
    'complete_match' => true,
  ),
  'var' => 
  array (
  ),
)
[ info ] [ HEADER ] array (
  'cookie' => 'pgv_pvi=6712046592; PHPSESSID=dfcnahoea6bh3egu0jbpq161b1',
  'accept-language' => 'zh-CN,zh;q=0.9',
  'accept-encoding' => 'gzip, deflate',
  'referer' => 'http://www.auth.com/admin/login/index.html',
  'accept' => 'text/html,application/xhtml+xml,application/xml;q=0.9,image/webp,image/apng,*/*;q=0.8',
  'user-agent' => 'Mozilla/5.0 (Windows NT 10.0; WOW64) AppleWebKit/537.36 (KHTML, like Gecko) Chrome/70.0.3538.110 Safari/537.36',
  'upgrade-insecure-requests' => '1',
  'cache-control' => 'max-age=0',
  'connection' => 'close',
  'host' => 'www.auth.com',
)
[ info ] [ PARAM ] array (
)
[ info ] [ VIEW ] D:\localhost\auth\application\index\view\index\index.html [ array (
) ]
---------------------------------------------------------------
[ 2018-11-29T16:48:47+08:00 ] 127.0.0.1 GET www.auth.com/
[运行时间：0.050560s] [吞吐率：19.78req/s] [内存消耗：3,047.27kb] [文件加载：66]
[ info ] [ LANG ] D:\localhost\auth\thinkphp\lang\zh-cn.php
[ info ] [ ROUTE ] array (
  'rule' => '',
  'route' => 'Index/index',
  'option' => 
  array (
    'merge_rule_regex' => false,
    'complete_match' => true,
  ),
  'var' => 
  array (
  ),
)
[ info ] [ HEADER ] array (
  'cookie' => 'pgv_pvi=6712046592; PHPSESSID=dfcnahoea6bh3egu0jbpq161b1',
  'accept-language' => 'zh-CN,zh;q=0.9',
  'accept-encoding' => 'gzip, deflate',
  'referer' => 'http://www.auth.com/admin/login/index.html',
  'accept' => 'text/html,application/xhtml+xml,application/xml;q=0.9,image/webp,image/apng,*/*;q=0.8',
  'user-agent' => 'Mozilla/5.0 (Windows NT 10.0; WOW64) AppleWebKit/537.36 (KHTML, like Gecko) Chrome/70.0.3538.110 Safari/537.36',
  'upgrade-insecure-requests' => '1',
  'cache-control' => 'max-age=0',
  'connection' => 'close',
  'host' => 'www.auth.com',
)
[ info ] [ PARAM ] array (
)
[ info ] [ VIEW ] D:\localhost\auth\application\index\view\index\index.html [ array (
) ]
---------------------------------------------------------------
[ 2018-11-29T16:50:21+08:00 ] 127.0.0.1 GET www.auth.com/
[运行时间：0.059060s] [吞吐率：16.93req/s] [内存消耗：1,907.08kb] [文件加载：66]
[ info ] [ LANG ] D:\localhost\auth\thinkphp\lang\zh-cn.php
[ info ] [ ROUTE ] array (
  'rule' => '',
  'route' => 'Index/index',
  'option' => 
  array (
    'merge_rule_regex' => false,
    'complete_match' => true,
  ),
  'var' => 
  array (
  ),
)
[ info ] [ HEADER ] array (
  'cookie' => 'pgv_pvi=6712046592; PHPSESSID=dfcnahoea6bh3egu0jbpq161b1',
  'accept-language' => 'zh-CN,zh;q=0.9',
  'accept-encoding' => 'gzip, deflate',
  'accept' => 'text/html,application/xhtml+xml,application/xml;q=0.9,image/webp,image/apng,*/*;q=0.8',
  'user-agent' => 'Mozilla/5.0 (Windows NT 10.0; WOW64) AppleWebKit/537.36 (KHTML, like Gecko) Chrome/70.0.3538.110 Safari/537.36',
  'upgrade-insecure-requests' => '1',
  'connection' => 'close',
  'host' => 'www.auth.com',
)
[ info ] [ PARAM ] array (
)
[ info ] [ VIEW ] D:\localhost\auth\application\index\view\index\index.html [ array (
) ]
---------------------------------------------------------------
[ 2018-11-29T16:50:34+08:00 ] 127.0.0.1 GET www.auth.com/index.php/admin/login/index.html
[运行时间：0.055156s] [吞吐率：18.13req/s] [内存消耗：1,942.50kb] [文件加载：68]
[ info ] [ LANG ] D:\localhost\auth\thinkphp\lang\zh-cn.php
[ info ] [ ROUTE ] array (
)
[ info ] [ HEADER ] array (
  'cookie' => 'pgv_pvi=6712046592; PHPSESSID=dfcnahoea6bh3egu0jbpq161b1',
  'accept-language' => 'zh-CN,zh;q=0.9',
  'accept-encoding' => 'gzip, deflate',
  'accept' => 'text/html,application/xhtml+xml,application/xml;q=0.9,image/webp,image/apng,*/*;q=0.8',
  'user-agent' => 'Mozilla/5.0 (Windows NT 10.0; WOW64) AppleWebKit/537.36 (KHTML, like Gecko) Chrome/70.0.3538.110 Safari/537.36',
  'upgrade-insecure-requests' => '1',
  'connection' => 'close',
  'host' => 'www.auth.com',
)
[ info ] [ PARAM ] array (
)
[ info ] [ VIEW ] D:\localhost\auth\application\admin\view\login\index.html [ array (
) ]
---------------------------------------------------------------
[ 2018-11-29T16:50:34+08:00 ] 127.0.0.1 GET www.auth.com/index.php/captcha.html?0.09854909104945397
[运行时间：0.028057s] [吞吐率：35.64req/s] [内存消耗：1,439.48kb] [文件加载：55]
[ info ] [ LANG ] D:\localhost\auth\thinkphp\lang\zh-cn.php
[ info ] [ ROUTE ] array (
  'rule' => 'captcha/<id?>',
  'route' => '\\think\\captcha\\CaptchaController@index',
  'option' => 
  array (
    'merge_rule_regex' => false,
  ),
  'var' => 
  array (
  ),
)
[ info ] [ HEADER ] array (
  'cookie' => 'pgv_pvi=6712046592; PHPSESSID=dfcnahoea6bh3egu0jbpq161b1',
  'accept-language' => 'zh-CN,zh;q=0.9',
  'accept-encoding' => 'gzip, deflate',
  'referer' => 'http://www.auth.com/index.php/admin/login/index.html',
  'accept' => 'image/webp,image/apng,image/*,*/*;q=0.8',
  'user-agent' => 'Mozilla/5.0 (Windows NT 10.0; WOW64) AppleWebKit/537.36 (KHTML, like Gecko) Chrome/70.0.3538.110 Safari/537.36',
  'connection' => 'close',
  'host' => 'www.auth.com',
)
[ info ] [ PARAM ] array (
  '0_09854909104945397' => '',
)
---------------------------------------------------------------
[ 2018-11-29T16:50:35+08:00 ] 127.0.0.1 GET www.auth.com/index.php/captcha.html?0.9090300518085754
[运行时间：0.031890s] [吞吐率：31.36req/s] [内存消耗：1,439.61kb] [文件加载：55]
[ info ] [ LANG ] D:\localhost\auth\thinkphp\lang\zh-cn.php
[ info ] [ ROUTE ] array (
  'rule' => 'captcha/<id?>',
  'route' => '\\think\\captcha\\CaptchaController@index',
  'option' => 
  array (
    'merge_rule_regex' => false,
  ),
  'var' => 
  array (
  ),
)
[ info ] [ HEADER ] array (
  'cookie' => 'pgv_pvi=6712046592; PHPSESSID=dfcnahoea6bh3egu0jbpq161b1',
  'accept-language' => 'zh-CN,zh;q=0.9',
  'accept-encoding' => 'gzip, deflate',
  'referer' => 'http://www.auth.com/index.php/admin/login/index.html',
  'accept' => 'image/webp,image/apng,image/*,*/*;q=0.8',
  'user-agent' => 'Mozilla/5.0 (Windows NT 10.0; WOW64) AppleWebKit/537.36 (KHTML, like Gecko) Chrome/70.0.3538.110 Safari/537.36',
  'connection' => 'close',
  'host' => 'www.auth.com',
)
[ info ] [ PARAM ] array (
  '0_9090300518085754' => '',
)
---------------------------------------------------------------
[ 2018-11-29T16:50:36+08:00 ] 127.0.0.1 GET www.auth.com/index.php/captcha.html?0.8017123885379991
[运行时间：0.033521s] [吞吐率：29.83req/s] [内存消耗：1,439.61kb] [文件加载：55]
[ info ] [ LANG ] D:\localhost\auth\thinkphp\lang\zh-cn.php
[ info ] [ ROUTE ] array (
  'rule' => 'captcha/<id?>',
  'route' => '\\think\\captcha\\CaptchaController@index',
  'option' => 
  array (
    'merge_rule_regex' => false,
  ),
  'var' => 
  array (
  ),
)
[ info ] [ HEADER ] array (
  'cookie' => 'pgv_pvi=6712046592; PHPSESSID=dfcnahoea6bh3egu0jbpq161b1',
  'accept-language' => 'zh-CN,zh;q=0.9',
  'accept-encoding' => 'gzip, deflate',
  'referer' => 'http://www.auth.com/index.php/admin/login/index.html',
  'accept' => 'image/webp,image/apng,image/*,*/*;q=0.8',
  'user-agent' => 'Mozilla/5.0 (Windows NT 10.0; WOW64) AppleWebKit/537.36 (KHTML, like Gecko) Chrome/70.0.3538.110 Safari/537.36',
  'connection' => 'close',
  'host' => 'www.auth.com',
)
[ info ] [ PARAM ] array (
  '0_8017123885379991' => '',
)
---------------------------------------------------------------
[ 2018-11-29T16:50:38+08:00 ] 127.0.0.1 GET www.auth.com/index.php/captcha.html?0.7670441132726324
[运行时间：0.033680s] [吞吐率：29.69req/s] [内存消耗：1,439.61kb] [文件加载：55]
[ info ] [ LANG ] D:\localhost\auth\thinkphp\lang\zh-cn.php
[ info ] [ ROUTE ] array (
  'rule' => 'captcha/<id?>',
  'route' => '\\think\\captcha\\CaptchaController@index',
  'option' => 
  array (
    'merge_rule_regex' => false,
  ),
  'var' => 
  array (
  ),
)
[ info ] [ HEADER ] array (
  'cookie' => 'pgv_pvi=6712046592; PHPSESSID=dfcnahoea6bh3egu0jbpq161b1',
  'accept-language' => 'zh-CN,zh;q=0.9',
  'accept-encoding' => 'gzip, deflate',
  'referer' => 'http://www.auth.com/index.php/admin/login/index.html',
  'accept' => 'image/webp,image/apng,image/*,*/*;q=0.8',
  'user-agent' => 'Mozilla/5.0 (Windows NT 10.0; WOW64) AppleWebKit/537.36 (KHTML, like Gecko) Chrome/70.0.3538.110 Safari/537.36',
  'connection' => 'close',
  'host' => 'www.auth.com',
)
[ info ] [ PARAM ] array (
  '0_7670441132726324' => '',
)
---------------------------------------------------------------
[ 2018-11-29T17:00:02+08:00 ] 127.0.0.1 GET www.auth.com/index.php/admin/login/index.html
[运行时间：0.040010s] [吞吐率：24.99req/s] [内存消耗：1,943.02kb] [文件加载：68]
[ info ] [ LANG ] D:\localhost\auth\thinkphp\lang\zh-cn.php
[ info ] [ ROUTE ] array (
)
[ info ] [ HEADER ] array (
  'cookie' => 'pgv_pvi=6712046592; PHPSESSID=dfcnahoea6bh3egu0jbpq161b1',
  'accept-language' => 'zh-CN,zh;q=0.9',
  'accept-encoding' => 'gzip, deflate',
  'accept' => 'text/html,application/xhtml+xml,application/xml;q=0.9,image/webp,image/apng,*/*;q=0.8',
  'user-agent' => 'Mozilla/5.0 (Windows NT 10.0; WOW64) AppleWebKit/537.36 (KHTML, like Gecko) Chrome/70.0.3538.110 Safari/537.36',
  'upgrade-insecure-requests' => '1',
  'cache-control' => 'max-age=0',
  'connection' => 'close',
  'host' => 'www.auth.com',
)
[ info ] [ PARAM ] array (
)
[ info ] [ VIEW ] D:\localhost\auth\application\admin\view\login\index.html [ array (
) ]
---------------------------------------------------------------
[ 2018-11-29T17:00:02+08:00 ] 127.0.0.1 GET www.auth.com/index.php/captcha.html?0.3269243820063321
[运行时间：0.037553s] [吞吐率：26.63req/s] [内存消耗：1,439.61kb] [文件加载：55]
[ info ] [ LANG ] D:\localhost\auth\thinkphp\lang\zh-cn.php
[ info ] [ ROUTE ] array (
  'rule' => 'captcha/<id?>',
  'route' => '\\think\\captcha\\CaptchaController@index',
  'option' => 
  array (
    'merge_rule_regex' => false,
  ),
  'var' => 
  array (
  ),
)
[ info ] [ HEADER ] array (
  'cookie' => 'pgv_pvi=6712046592; PHPSESSID=dfcnahoea6bh3egu0jbpq161b1',
  'accept-language' => 'zh-CN,zh;q=0.9',
  'accept-encoding' => 'gzip, deflate',
  'referer' => 'http://www.auth.com/index.php/admin/login/index.html',
  'accept' => 'image/webp,image/apng,image/*,*/*;q=0.8',
  'user-agent' => 'Mozilla/5.0 (Windows NT 10.0; WOW64) AppleWebKit/537.36 (KHTML, like Gecko) Chrome/70.0.3538.110 Safari/537.36',
  'connection' => 'close',
  'host' => 'www.auth.com',
)
[ info ] [ PARAM ] array (
  '0_3269243820063321' => '',
)
---------------------------------------------------------------
[ 2018-11-29T17:00:04+08:00 ] 127.0.0.1 GET www.auth.com/index.php/admin/login/index.html
[运行时间：0.045438s] [吞吐率：22.01req/s] [内存消耗：1,943.02kb] [文件加载：68]
[ info ] [ LANG ] D:\localhost\auth\thinkphp\lang\zh-cn.php
[ info ] [ ROUTE ] array (
)
[ info ] [ HEADER ] array (
  'cookie' => 'pgv_pvi=6712046592; PHPSESSID=dfcnahoea6bh3egu0jbpq161b1',
  'accept-language' => 'zh-CN,zh;q=0.9',
  'accept-encoding' => 'gzip, deflate',
  'accept' => 'text/html,application/xhtml+xml,application/xml;q=0.9,image/webp,image/apng,*/*;q=0.8',
  'user-agent' => 'Mozilla/5.0 (Windows NT 10.0; WOW64) AppleWebKit/537.36 (KHTML, like Gecko) Chrome/70.0.3538.110 Safari/537.36',
  'upgrade-insecure-requests' => '1',
  'cache-control' => 'max-age=0',
  'connection' => 'close',
  'host' => 'www.auth.com',
)
[ info ] [ PARAM ] array (
)
[ info ] [ VIEW ] D:\localhost\auth\application\admin\view\login\index.html [ array (
) ]
---------------------------------------------------------------
[ 2018-11-29T17:00:04+08:00 ] 127.0.0.1 GET www.auth.com/index.php/captcha.html?0.18736956317828124
[运行时间：0.035790s] [吞吐率：27.94req/s] [内存消耗：1,439.61kb] [文件加载：55]
[ info ] [ LANG ] D:\localhost\auth\thinkphp\lang\zh-cn.php
[ info ] [ ROUTE ] array (
  'rule' => 'captcha/<id?>',
  'route' => '\\think\\captcha\\CaptchaController@index',
  'option' => 
  array (
    'merge_rule_regex' => false,
  ),
  'var' => 
  array (
  ),
)
[ info ] [ HEADER ] array (
  'cookie' => 'pgv_pvi=6712046592; PHPSESSID=dfcnahoea6bh3egu0jbpq161b1',
  'accept-language' => 'zh-CN,zh;q=0.9',
  'accept-encoding' => 'gzip, deflate',
  'referer' => 'http://www.auth.com/index.php/admin/login/index.html',
  'accept' => 'image/webp,image/apng,image/*,*/*;q=0.8',
  'user-agent' => 'Mozilla/5.0 (Windows NT 10.0; WOW64) AppleWebKit/537.36 (KHTML, like Gecko) Chrome/70.0.3538.110 Safari/537.36',
  'connection' => 'close',
  'host' => 'www.auth.com',
)
[ info ] [ PARAM ] array (
  '0_18736956317828124' => '',
)
---------------------------------------------------------------
[ 2018-11-29T17:00:26+08:00 ] 127.0.0.1 GET www.auth.com/index.php/admin/login/index.html
[运行时间：0.046176s] [吞吐率：21.66req/s] [内存消耗：1,942.50kb] [文件加载：68]
[ info ] [ LANG ] D:\localhost\auth\thinkphp\lang\zh-cn.php
[ info ] [ ROUTE ] array (
)
[ info ] [ HEADER ] array (
  'cookie' => 'pgv_pvi=6712046592; PHPSESSID=dfcnahoea6bh3egu0jbpq161b1',
  'accept-language' => 'zh-CN,zh;q=0.9',
  'accept-encoding' => 'gzip, deflate',
  'accept' => 'text/html,application/xhtml+xml,application/xml;q=0.9,image/webp,image/apng,*/*;q=0.8',
  'user-agent' => 'Mozilla/5.0 (Windows NT 10.0; WOW64) AppleWebKit/537.36 (KHTML, like Gecko) Chrome/70.0.3538.110 Safari/537.36',
  'upgrade-insecure-requests' => '1',
  'connection' => 'close',
  'host' => 'www.auth.com',
)
[ info ] [ PARAM ] array (
)
[ info ] [ VIEW ] D:\localhost\auth\application\admin\view\login\index.html [ array (
) ]
---------------------------------------------------------------
[ 2018-11-29T17:00:26+08:00 ] 127.0.0.1 GET www.auth.com/index.php/captcha.html?0.46492773358264183
[运行时间：0.042221s] [吞吐率：23.68req/s] [内存消耗：1,439.61kb] [文件加载：55]
[ info ] [ LANG ] D:\localhost\auth\thinkphp\lang\zh-cn.php
[ info ] [ ROUTE ] array (
  'rule' => 'captcha/<id?>',
  'route' => '\\think\\captcha\\CaptchaController@index',
  'option' => 
  array (
    'merge_rule_regex' => false,
  ),
  'var' => 
  array (
  ),
)
[ info ] [ HEADER ] array (
  'cookie' => 'pgv_pvi=6712046592; PHPSESSID=dfcnahoea6bh3egu0jbpq161b1',
  'accept-language' => 'zh-CN,zh;q=0.9',
  'accept-encoding' => 'gzip, deflate',
  'referer' => 'http://www.auth.com/index.php/admin/login/index.html',
  'accept' => 'image/webp,image/apng,image/*,*/*;q=0.8',
  'user-agent' => 'Mozilla/5.0 (Windows NT 10.0; WOW64) AppleWebKit/537.36 (KHTML, like Gecko) Chrome/70.0.3538.110 Safari/537.36',
  'connection' => 'close',
  'host' => 'www.auth.com',
)
[ info ] [ PARAM ] array (
  '0_46492773358264183' => '',
)
---------------------------------------------------------------
[ 2018-11-29T17:02:32+08:00 ] 127.0.0.1 GET www.auth.com/index.php/admin/login/index.html
[运行时间：0.054813s] [吞吐率：18.24req/s] [内存消耗：1,943.02kb] [文件加载：68]
[ info ] [ LANG ] D:\localhost\auth\thinkphp\lang\zh-cn.php
[ info ] [ ROUTE ] array (
)
[ info ] [ HEADER ] array (
  'cookie' => 'pgv_pvi=6712046592; PHPSESSID=dfcnahoea6bh3egu0jbpq161b1',
  'accept-language' => 'zh-CN,zh;q=0.9',
  'accept-encoding' => 'gzip, deflate',
  'accept' => 'text/html,application/xhtml+xml,application/xml;q=0.9,image/webp,image/apng,*/*;q=0.8',
  'user-agent' => 'Mozilla/5.0 (Windows NT 10.0; WOW64) AppleWebKit/537.36 (KHTML, like Gecko) Chrome/70.0.3538.110 Safari/537.36',
  'upgrade-insecure-requests' => '1',
  'cache-control' => 'max-age=0',
  'connection' => 'close',
  'host' => 'www.auth.com',
)
[ info ] [ PARAM ] array (
)
[ info ] [ VIEW ] D:\localhost\auth\application\admin\view\login\index.html [ array (
) ]
---------------------------------------------------------------
[ 2018-11-29T17:02:32+08:00 ] 127.0.0.1 GET www.auth.com/index.php/captcha.html?0.639615780935584
[运行时间：0.035164s] [吞吐率：28.44req/s] [内存消耗：1,439.61kb] [文件加载：55]
[ info ] [ LANG ] D:\localhost\auth\thinkphp\lang\zh-cn.php
[ info ] [ ROUTE ] array (
  'rule' => 'captcha/<id?>',
  'route' => '\\think\\captcha\\CaptchaController@index',
  'option' => 
  array (
    'merge_rule_regex' => false,
  ),
  'var' => 
  array (
  ),
)
[ info ] [ HEADER ] array (
  'cookie' => 'pgv_pvi=6712046592; PHPSESSID=dfcnahoea6bh3egu0jbpq161b1',
  'accept-language' => 'zh-CN,zh;q=0.9',
  'accept-encoding' => 'gzip, deflate',
  'referer' => 'http://www.auth.com/index.php/admin/login/index.html',
  'accept' => 'image/webp,image/apng,image/*,*/*;q=0.8',
  'user-agent' => 'Mozilla/5.0 (Windows NT 10.0; WOW64) AppleWebKit/537.36 (KHTML, like Gecko) Chrome/70.0.3538.110 Safari/537.36',
  'connection' => 'close',
  'host' => 'www.auth.com',
)
[ info ] [ PARAM ] array (
  '0_639615780935584' => '',
)
---------------------------------------------------------------
[ 2018-11-29T17:02:34+08:00 ] 127.0.0.1 GET www.auth.com/index.php/admin/login/index.html
[运行时间：0.044616s] [吞吐率：22.41req/s] [内存消耗：1,943.02kb] [文件加载：68]
[ info ] [ LANG ] D:\localhost\auth\thinkphp\lang\zh-cn.php
[ info ] [ ROUTE ] array (
)
[ info ] [ HEADER ] array (
  'cookie' => 'pgv_pvi=6712046592; PHPSESSID=dfcnahoea6bh3egu0jbpq161b1',
  'accept-language' => 'zh-CN,zh;q=0.9',
  'accept-encoding' => 'gzip, deflate',
  'accept' => 'text/html,application/xhtml+xml,application/xml;q=0.9,image/webp,image/apng,*/*;q=0.8',
  'user-agent' => 'Mozilla/5.0 (Windows NT 10.0; WOW64) AppleWebKit/537.36 (KHTML, like Gecko) Chrome/70.0.3538.110 Safari/537.36',
  'upgrade-insecure-requests' => '1',
  'cache-control' => 'max-age=0',
  'connection' => 'close',
  'host' => 'www.auth.com',
)
[ info ] [ PARAM ] array (
)
[ info ] [ VIEW ] D:\localhost\auth\application\admin\view\login\index.html [ array (
) ]
---------------------------------------------------------------
[ 2018-11-29T17:02:34+08:00 ] 127.0.0.1 GET www.auth.com/index.php/captcha.html?0.5640663410631133
[运行时间：0.040508s] [吞吐率：24.69req/s] [内存消耗：1,439.61kb] [文件加载：55]
[ info ] [ LANG ] D:\localhost\auth\thinkphp\lang\zh-cn.php
[ info ] [ ROUTE ] array (
  'rule' => 'captcha/<id?>',
  'route' => '\\think\\captcha\\CaptchaController@index',
  'option' => 
  array (
    'merge_rule_regex' => false,
  ),
  'var' => 
  array (
  ),
)
[ info ] [ HEADER ] array (
  'cookie' => 'pgv_pvi=6712046592; PHPSESSID=dfcnahoea6bh3egu0jbpq161b1',
  'accept-language' => 'zh-CN,zh;q=0.9',
  'accept-encoding' => 'gzip, deflate',
  'referer' => 'http://www.auth.com/index.php/admin/login/index.html',
  'accept' => 'image/webp,image/apng,image/*,*/*;q=0.8',
  'user-agent' => 'Mozilla/5.0 (Windows NT 10.0; WOW64) AppleWebKit/537.36 (KHTML, like Gecko) Chrome/70.0.3538.110 Safari/537.36',
  'connection' => 'close',
  'host' => 'www.auth.com',
)
[ info ] [ PARAM ] array (
  '0_5640663410631133' => '',
)
